INFO:root:Starting crawling
DEBUG:root:Folder debian
DEBUG:root:Folder distros
DEBUG:root:Folder mirrors
DEBUG:root:Folder traffic
DEBUG:root:File traffic.html
DEBUG:root:Entering folder 	debian
DEBUG:root:File Archive-Update-in-Progress-ftp.upcnet.ro
DEBUG:root:File README
DEBUG:root:File README.CD-manufacture
DEBUG:root:File README.html
DEBUG:root:File README.mirrors.html
DEBUG:root:File README.mirrors.txt
DEBUG:root:Folder dists
DEBUG:root:Folder doc
DEBUG:root:File extrafiles
DEBUG:root:Folder indices
DEBUG:root:File ls-lR.gz
DEBUG:root:Folder pool
DEBUG:root:Folder project
DEBUG:root:Folder tools
DEBUG:root:Folder zzz-dists
DEBUG:root:Entering folder 	dists
DEBUG:root:Folder Debian7.11
DEBUG:root:Folder Debian8.9
DEBUG:root:Folder Debian9.1
DEBUG:root:File README
DEBUG:root:Folder buster
DEBUG:root:Folder buster-proposed-updates
DEBUG:root:Folder buster-updates
DEBUG:root:Folder experimental
DEBUG:root:Folder jessie
DEBUG:root:Folder jessie-backports
DEBUG:root:Folder jessie-backports-sloppy
DEBUG:root:Folder jessie-kfreebsd
DEBUG:root:Folder jessie-kfreebsd-proposed-updates
DEBUG:root:Folder jessie-proposed-updates
DEBUG:root:Folder jessie-updates
DEBUG:root:Folder oldoldstable
DEBUG:root:Folder oldoldstable-backports
DEBUG:root:Folder oldoldstable-backports-sloppy
DEBUG:root:Folder oldoldstable-proposed-updates
DEBUG:root:Folder oldoldstable-updates
DEBUG:root:Folder oldstable
DEBUG:root:Folder oldstable-backports
DEBUG:root:Folder oldstable-backports-sloppy
DEBUG:root:Folder oldstable-kfreebsd
DEBUG:root:Folder oldstable-kfreebsd-proposed-updates
DEBUG:root:Folder oldstable-proposed-updates
DEBUG:root:Folder oldstable-updates
DEBUG:root:Folder proposed-updates
DEBUG:root:Folder rc-buggy
DEBUG:root:Folder sid
DEBUG:root:Folder stable
DEBUG:root:Folder stable-backports
DEBUG:root:Folder stable-proposed-updates
DEBUG:root:Folder stable-updates
DEBUG:root:Folder stretch
DEBUG:root:Folder stretch-backports
DEBUG:root:Folder stretch-proposed-updates
DEBUG:root:Folder stretch-updates
DEBUG:root:Folder testing
DEBUG:root:Folder testing-proposed-updates
DEBUG:root:Folder testing-updates
DEBUG:root:Folder unstable
DEBUG:root:Folder wheezy
DEBUG:root:Folder wheezy-backports
DEBUG:root:Folder wheezy-backports-sloppy
DEBUG:root:Folder wheezy-proposed-updates
DEBUG:root:Folder wheezy-updates
DEBUG:root:Entering folder 	Debian7.11
DEBUG:root:File ChangeLog
DEBUG:root:File Contents-amd64.gz
DEBUG:root:File Contents-armel.gz
DEBUG:root:File Contents-armhf.gz
DEBUG:root:File Contents-i386.gz
DEBUG:root:File Contents-ia64.gz
DEBUG:root:File Contents-kfreebsd-amd64.gz
DEBUG:root:File Contents-kfreebsd-i386.gz
DEBUG:root:File Contents-mips.gz
DEBUG:root:File Contents-mipsel.gz
DEBUG:root:File Contents-powerpc.gz
DEBUG:root:File Contents-s390.gz
DEBUG:root:File Contents-s390x.gz
DEBUG:root:File Contents-sparc.gz
DEBUG:root:File Release
DEBUG:root:File Release.gpg
DEBUG:root:Folder contrib
DEBUG:root:Folder main
DEBUG:root:Folder non-free
DEBUG:root:Entering folder 	contrib
DEBUG:root:File Contents-amd64.gz
DEBUG:root:File Contents-armel.gz
DEBUG:root:File Contents-armhf.gz
DEBUG:root:File Contents-i386.gz
DEBUG:root:File Contents-ia64.gz
DEBUG:root:File Contents-kfreebsd-amd64.gz
DEBUG:root:File Contents-kfreebsd-i386.gz
DEBUG:root:File Contents-mips.gz
DEBUG:root:File Contents-mipsel.gz
DEBUG:root:File Contents-powerpc.gz
DEBUG:root:File Contents-s390.gz
DEBUG:root:File Contents-s390x.gz
DEBUG:root:File Contents-source.gz
DEBUG:root:File Contents-sparc.gz
DEBUG:root:File Contents-udeb-amd64.gz
DEBUG:root:File Contents-udeb-armel.gz
DEBUG:root:File Contents-udeb-armhf.gz
DEBUG:root:File Contents-udeb-i386.gz
DEBUG:root:File Contents-udeb-ia64.gz
DEBUG:root:File Contents-udeb-kfreebsd-amd64.gz
DEBUG:root:File Contents-udeb-kfreebsd-i386.gz
DEBUG:root:File Contents-udeb-mips.gz
DEBUG:root:File Contents-udeb-mipsel.gz
DEBUG:root:File Contents-udeb-powerpc.gz
DEBUG:root:File Contents-udeb-s390.gz
DEBUG:root:File Contents-udeb-s390x.gz
DEBUG:root:File Contents-udeb-sparc.gz
DEBUG:root:Folder binary-all
DEBUG:root:Folder binary-amd64
DEBUG:root:Folder binary-armel
DEBUG:root:Folder binary-armhf
DEBUG:root:Folder binary-i386
DEBUG:root:Folder binary-ia64
DEBUG:root:Folder binary-kfreebsd-amd64
DEBUG:root:Folder binary-kfreebsd-i386
DEBUG:root:Folder binary-mips
DEBUG:root:Folder binary-mipsel
DEBUG:root:Folder binary-powerpc
DEBUG:root:Folder binary-s390
DEBUG:root:Folder binary-s390x
DEBUG:root:Folder binary-sparc
DEBUG:root:Folder by-hash
DEBUG:root:Folder debian-installer
DEBUG:root:Folder i18n
DEBUG:root:Folder source
DEBUG:root:Entering folder 	binary-all
DEBUG:root:File Packages.bz2
DEBUG:root:File Packages.gz
DEBUG:root:File Release
DEBUG:root:Folder by-hash
DEBUG:root:Entering folder 	by-hash
DEBUG:root:Folder MD5Sum
DEBUG:root:Folder SHA1
DEBUG:root:Folder SHA256
DEBUG:root:Entering folder 	MD5Sum
DEBUG:root:File 076513d150a727d1ed7c353f0122466e
DEBUG:root:File 0d65603a4bbedf54ef026800993bc569
DEBUG:root:File bfdb3d8c55c2388e5e8ec8ab534f715e
DEBUG:root:Entering folder 	SHA1
DEBUG:root:File 50900c98eec1792d44086a47fd13004c4dcae058
DEBUG:root:File 5322b7724f069800b947bd413c2b54a0183612b6
DEBUG:root:File 6c95a8e135dd03557dfe2f2c913b66402b18e4b3
DEBUG:root:Entering folder 	SHA256
DEBUG:root:File 5f4d0db716b66839ceb3f08a0dd9e52b1fddef811a90531cd0713661e63b68e9
DEBUG:root:File 9b5a556536177f815821dfa98686efa2c7440250ecbdadaffd2d7bdb6e91a7d0
DEBUG:root:File cd559785c8bbb88a60e67129d4c3ae8973ca2f9aab11930db254e7958f154945
DEBUG:root:Entering folder 	binary-amd64
DEBUG:root:File Packages.bz2
DEBUG:root:File Packages.gz
DEBUG:root:File Release
DEBUG:root:Folder by-hash
DEBUG:root:Entering folder 	by-hash
DEBUG:root:Folder MD5Sum
DEBUG:root:Folder SHA1
DEBUG:root:Folder SHA256
DEBUG:root:Entering folder 	MD5Sum
DEBUG:root:File 454f9ce23d61b6ac74da95120276ceda
DEBUG:root:File 6defef06824ec534f0ff7d1be172c568
DEBUG:root:File bef584638d76667025bcbda442fe1e6f
DEBUG:root:Entering folder 	SHA1
DEBUG:root:File 1c7f76d34af891d3458fe0c1a6b11dc3e9e9c150
DEBUG:root:File 6eed030c02afded7cf3eda028790ebdd9e31a755
DEBUG:root:File c9f81c13ce5a9701270b7ff55ab03e572b796e53
DEBUG:root:Entering folder 	SHA256
DEBUG:root:File ccbcbdcc89b193bad8d2cd4656eab4d1d77c6be1f2a50e977d6c87e4f1cd6f27
DEBUG:root:File d68f1e56c2e9d9ff6b577cf9ab3b26486b5927b6221a146d5f6654b739225fef
DEBUG:root:File e89f4dab63af57a4ac1da3df36e8b1341b7bf9b40e6f9bd7cc14e48e24fe52c7
DEBUG:root:Entering folder 	binary-armel
DEBUG:root:File Packages.bz2
DEBUG:root:File Packages.gz
DEBUG:root:File Release
DEBUG:root:Folder by-hash
DEBUG:root:Entering folder 	by-hash
DEBUG:root:Folder MD5Sum
DEBUG:root:Folder SHA1
DEBUG:root:Folder SHA256
DEBUG:root:Entering folder 	MD5Sum
DEBUG:root:File 46bc96eacca5a664b4dbc5bbdeed74d9
DEBUG:root:File 7b5becb8bb33e90c695346e8e7058bab
DEBUG:root:File c384b660340d7164d074973071c2cfa3
DEBUG:root:Entering folder 	SHA1
DEBUG:root:File 66e95b11825db25b49e75a3258be70a93d813c63
DEBUG:root:File 9e5e8e0aa0caeae3a0843cb116812670dd1d6165
DEBUG:root:File eeef1062810cbf69ce84c43326844509c3c2e15a
DEBUG:root:Entering folder 	SHA256
DEBUG:root:File 844c4a250ff4ca0abc943ded24a62e09e9cbd266f0fc41c882762d67b2d26b92
DEBUG:root:File 9bda6635437b763bd05e970fddc57c32f2845c16a97e0f64cab26820bf28b8c6
DEBUG:root:File f5ab0775a3270d1a354ce76ac90bcafb413886e159895b61f65ad74d6269feb3
DEBUG:root:Entering folder 	binary-armhf
DEBUG:root:File Packages.bz2
DEBUG:root:File Packages.gz
DEBUG:root:File Release
DEBUG:root:Folder by-hash
DEBUG:root:Entering folder 	by-hash
DEBUG:root:Folder MD5Sum
DEBUG:root:Folder SHA1
DEBUG:root:Folder SHA256
DEBUG:root:Entering folder 	MD5Sum
DEBUG:root:File b9159ba6b6d06b3d906c9ed072d67ea7
DEBUG:root:File c30812c29d48eacc4f8d732f91a4afd4
DEBUG:root:File de305388fbec34c161fa6914d01fecdc
DEBUG:root:Entering folder 	SHA1
DEBUG:root:File 1611b4946273b062e6fdc26737b4d25380d2bd4c
DEBUG:root:File 4f33e8322eb213aea0625376807b066d991988b2
DEBUG:root:File e729333c6e553decc456a4716f87e72a734dc93e
DEBUG:root:Entering folder 	SHA256
DEBUG:root:File 87d64cb84e9d0b96792d2178c7508bd22ac21178fab5206b0675d3c99aca8423
DEBUG:root:File a95dc3892b57729e511b7192817ee4f579bce5411fcbab72fee60ed4761983ef
DEBUG:root:File ff2e1b44ab762174b26be1162d30c3ff6ffdca243436e901260b6dc78ceaa0ba
DEBUG:root:Entering folder 	binary-i386
DEBUG:root:File Packages.bz2
DEBUG:root:File Packages.gz
DEBUG:root:File Release
DEBUG:root:Folder by-hash
DEBUG:root:Entering folder 	by-hash
DEBUG:root:Folder MD5Sum
DEBUG:root:Folder SHA1
DEBUG:root:Folder SHA256
DEBUG:root:Entering folder 	MD5Sum
DEBUG:root:File 902f4506d836f8a4a718ca4f790dd8f1
DEBUG:root:File dd9f80305867cd3a68998a037c2da3e2
DEBUG:root:File f4afe10eeeb42a7e2cfdd1770c5fb86c
DEBUG:root:Entering folder 	SHA1
DEBUG:root:File adaddb4cc121db85e591d8882c67ce2afa8d55e3
DEBUG:root:File d42d64c60210a732cf38cf3832ea24adc46177a5
DEBUG:root:File d44d211c24ff2e24134ef5c5de1bace0460b2cd8
DEBUG:root:Entering folder 	SHA256
DEBUG:root:File 70b3f0227a6a9604009f8b87043b2a609b8a04b970bfe989a5c343df5e14079b
DEBUG:root:File 91146073b8b501596225213561893206da4d86371cf91f0869b460e4755d43d6
DEBUG:root:File aa0c567852001011fca3c0330b4582fe68c7f3c368f89e06f442722bba253d7e
DEBUG:root:Entering folder 	binary-ia64
DEBUG:root:File Packages.bz2
DEBUG:root:File Packages.gz
DEBUG:root:File Release
DEBUG:root:Folder by-hash
DEBUG:root:Entering folder 	by-hash
DEBUG:root:Folder MD5Sum
DEBUG:root:Folder SHA1
DEBUG:root:Folder SHA256
DEBUG:root:Entering folder 	MD5Sum
DEBUG:root:File 7ca170459742821c38424e4368697696
DEBUG:root:File b33334c2fb09ed664928296a9b21a432
DEBUG:root:File cc49a4ae43858194091defc57cfcc6df
DEBUG:root:Entering folder 	SHA1
DEBUG:root:File 6b336a4c788228ccb47f5661a329874be716a544
DEBUG:root:File 82fa4875aba3aff85f065d7ac9156f3f34782eb4
DEBUG:root:File c22878b5807d2ef4164094555e789f48664499f7
DEBUG:root:Entering folder 	SHA256
DEBUG:root:File 4d13570820d68b30e75f2bd47261356a913a3868521f16190995ecfe78d10473
DEBUG:root:File ddb7d6fb5a0440bbf2b2a058d03ca7e4196899f9c519649e4c92874f3df950a4
DEBUG:root:File ef9cc2907ea9e0e216640839ca3a319ee4c848ee28f22036b55e31136a56050a
DEBUG:root:Entering folder 	binary-kfreebsd-amd64
DEBUG:root:File Packages.bz2
DEBUG:root:File Packages.gz
DEBUG:root:File Release
DEBUG:root:Folder by-hash
DEBUG:root:Entering folder 	by-hash
DEBUG:root:Folder MD5Sum
DEBUG:root:Folder SHA1
DEBUG:root:Folder SHA256
DEBUG:root:Entering folder 	MD5Sum
DEBUG:root:File 51dce15f018b628acbb8d65c3c456acf
DEBUG:root:File 71e2b3e4e03f4b7391091fb58ff8ace7
DEBUG:root:File d7fd74fedf0535693e0e26768874cb52
DEBUG:root:Entering folder 	SHA1
DEBUG:root:File 311a65642613c69019c813f4c48766ed52e9ec1a
DEBUG:root:File 8ca5abfe4f7f3ccf6c54577913489c950b69a2f0
DEBUG:root:File fe8000c0f1efea4131ad836de30f3c43695cabce
DEBUG:root:Entering folder 	SHA256
DEBUG:root:File 0511f5e23aaeb8b7546ed7cec84324b9e400734aff41bed1c591c40c058da250
DEBUG:root:File 27486685bada8084852667cfae83a902ea56ad09f8381645de6a34385f27f8b0
DEBUG:root:File c1fd6844e1089072e23b1759dcab81cb72a53efc6adadefcf9d84e1ae2024112
DEBUG:root:Entering folder 	binary-kfreebsd-i386
DEBUG:root:File Packages.bz2
DEBUG:root:File Packages.gz
DEBUG:root:File Release
DEBUG:root:Folder by-hash
DEBUG:root:Entering folder 	by-hash
DEBUG:root:Folder MD5Sum
DEBUG:root:Folder SHA1
DEBUG:root:Folder SHA256
DEBUG:root:Entering folder 	MD5Sum
DEBUG:root:File 4d394fd0dd5d616f5f6c9aa3eb05b6d3
DEBUG:root:File 508d1a81f2b3630eeccbda1f9cf5196a
DEBUG:root:File a118346728f4ee7299fbdefa29fcda94
DEBUG:root:Entering folder 	SHA1
DEBUG:root:Folder 630318221aad9edadadca0e8ad4e7a5296c576f9
DEBUG:root:File 65137f488f1d109683441a200015b8bc4a071234
DEBUG:root:File adab61d93bf1917065e93c3ea5408d90a2ac0a9c
DEBUG:root:Entering folder 	630318221aad9edadadca0e8ad4e7a5296c576f9
DEBUG:root:Entering folder 	SHA256
DEBUG:root:Entering folder 	binary-mips
DEBUG:root:Entering folder 	binary-mipsel
DEBUG:root:Entering folder 	binary-powerpc
DEBUG:root:Entering folder 	binary-s390
DEBUG:root:Entering folder 	binary-s390x
DEBUG:root:Entering folder 	binary-sparc
DEBUG:root:Entering folder 	by-hash
DEBUG:root:Entering folder 	debian-installer
DEBUG:root:Entering folder 	i18n
DEBUG:root:Entering folder 	source
DEBUG:root:Entering folder 	main
DEBUG:root:Entering folder 	non-free
DEBUG:root:Entering folder 	Debian8.9
DEBUG:root:Entering folder 	Debian9.1
DEBUG:root:Entering folder 	buster
DEBUG:root:Entering folder 	buster-proposed-updates
DEBUG:root:Entering folder 	buster-updates
DEBUG:root:Entering folder 	experimental
DEBUG:root:Entering folder 	jessie
DEBUG:root:Entering folder 	jessie-backports
INFO|2017-09-14 12:52:44,595|Starting crawling
DEBUG|2017-09-14 12:52:44,861|Folder debian
DEBUG|2017-09-14 12:52:44,881|Folder distros
DEBUG|2017-09-14 12:52:44,901|Folder mirrors
DEBUG|2017-09-14 12:52:44,923|Folder traffic
DEBUG|2017-09-14 12:52:44,943|File traffic.html
DEBUG|2017-09-14 12:52:44,944|Entering folder 	debian
DEBUG|2017-09-14 12:52:45,079|File Archive-Update-in-Progress-ftp.upcnet.ro
DEBUG|2017-09-14 12:52:45,101|File README
DEBUG|2017-09-14 12:52:45,121|File README.CD-manufacture
DEBUG|2017-09-14 12:52:45,142|File README.html
DEBUG|2017-09-14 12:52:45,161|File README.mirrors.html
DEBUG|2017-09-14 12:52:45,183|File README.mirrors.txt
DEBUG|2017-09-14 12:52:45,203|Folder dists
DEBUG|2017-09-14 12:52:45,228|Folder doc
DEBUG|2017-09-14 12:52:45,248|File extrafiles
DEBUG|2017-09-14 12:52:45,268|Folder indices
DEBUG|2017-09-14 12:52:45,288|File ls-lR.gz
DEBUG|2017-09-14 12:52:45,308|Folder pool
DEBUG|2017-09-14 12:52:45,328|Folder project
DEBUG|2017-09-14 12:52:45,351|Folder tools
DEBUG|2017-09-14 12:52:45,371|Folder zzz-dists
DEBUG|2017-09-14 12:52:45,371|Entering folder 	dists
DEBUG|2017-09-14 12:52:45,513|Folder Debian7.11
DEBUG|2017-09-14 12:52:45,538|Folder Debian8.9
DEBUG|2017-09-14 12:52:45,558|Folder Debian9.1
DEBUG|2017-09-14 12:52:45,578|File README
DEBUG|2017-09-14 12:52:45,598|Folder buster
DEBUG|2017-09-14 12:52:45,618|Folder buster-proposed-updates
DEBUG|2017-09-14 12:52:45,641|Folder buster-updates
DEBUG|2017-09-14 12:52:45,661|Folder experimental
DEBUG|2017-09-14 12:52:45,681|Folder jessie
DEBUG|2017-09-14 12:52:45,701|Folder jessie-backports
DEBUG|2017-09-14 12:52:45,721|Folder jessie-backports-sloppy
DEBUG|2017-09-14 12:52:45,741|Folder jessie-kfreebsd
DEBUG|2017-09-14 12:52:45,763|Folder jessie-kfreebsd-proposed-updates
DEBUG|2017-09-14 12:52:45,801|Folder jessie-proposed-updates
DEBUG|2017-09-14 12:52:45,822|Folder jessie-updates
DEBUG|2017-09-14 12:52:45,842|Folder oldoldstable
DEBUG|2017-09-14 12:52:45,863|Folder oldoldstable-backports
DEBUG|2017-09-14 12:52:45,888|Folder oldoldstable-backports-sloppy
DEBUG|2017-09-14 12:52:45,908|Folder oldoldstable-proposed-updates
DEBUG|2017-09-14 12:52:45,928|Folder oldoldstable-updates
DEBUG|2017-09-14 12:52:45,948|Folder oldstable
DEBUG|2017-09-14 12:52:45,971|Folder oldstable-backports
DEBUG|2017-09-14 12:52:45,993|Folder oldstable-backports-sloppy
DEBUG|2017-09-14 12:52:46,013|Folder oldstable-kfreebsd
DEBUG|2017-09-14 12:52:46,038|Folder oldstable-kfreebsd-proposed-updates
DEBUG|2017-09-14 12:52:46,062|Folder oldstable-proposed-updates
DEBUG|2017-09-14 12:52:46,083|Folder oldstable-updates
DEBUG|2017-09-14 12:52:46,103|Folder proposed-updates
DEBUG|2017-09-14 12:52:46,132|Folder rc-buggy
DEBUG|2017-09-14 12:52:46,151|Folder sid
DEBUG|2017-09-14 12:52:46,171|Folder stable
DEBUG|2017-09-14 12:52:46,191|Folder stable-backports
DEBUG|2017-09-14 12:52:46,213|Folder stable-proposed-updates
DEBUG|2017-09-14 12:52:46,233|Folder stable-updates
DEBUG|2017-09-14 12:52:46,253|Folder stretch
DEBUG|2017-09-14 12:52:46,278|Folder stretch-backports
DEBUG|2017-09-14 12:52:46,298|Folder stretch-proposed-updates
DEBUG|2017-09-14 12:52:46,321|Folder stretch-updates
DEBUG|2017-09-14 12:52:46,341|Folder testing
DEBUG|2017-09-14 12:52:46,363|Folder testing-proposed-updates
DEBUG|2017-09-14 12:52:46,391|Folder testing-updates
DEBUG|2017-09-14 12:52:46,418|Folder unstable
DEBUG|2017-09-14 12:52:46,448|Folder wheezy
DEBUG|2017-09-14 12:52:46,472|Folder wheezy-backports
DEBUG|2017-09-14 12:52:46,492|Folder wheezy-backports-sloppy
DEBUG|2017-09-14 12:52:46,511|Folder wheezy-proposed-updates
DEBUG|2017-09-14 12:52:46,531|Folder wheezy-updates
DEBUG|2017-09-14 12:52:46,531|Entering folder 	Debian7.11
DEBUG|2017-09-14 12:52:46,666|File ChangeLog
DEBUG|2017-09-14 12:52:46,688|File Contents-amd64.gz
DEBUG|2017-09-14 12:52:46,713|File Contents-armel.gz
DEBUG|2017-09-14 12:52:46,738|File Contents-armhf.gz
DEBUG|2017-09-14 12:52:46,758|File Contents-i386.gz
DEBUG|2017-09-14 12:52:46,778|File Contents-ia64.gz
DEBUG|2017-09-14 12:52:46,801|File Contents-kfreebsd-amd64.gz
DEBUG|2017-09-14 12:52:46,823|File Contents-kfreebsd-i386.gz
DEBUG|2017-09-14 12:52:46,843|File Contents-mips.gz
DEBUG|2017-09-14 12:52:46,863|File Contents-mipsel.gz
DEBUG|2017-09-14 12:52:46,883|File Contents-powerpc.gz
DEBUG|2017-09-14 12:52:46,903|File Contents-s390.gz
DEBUG|2017-09-14 12:52:46,923|File Contents-s390x.gz
DEBUG|2017-09-14 12:52:46,943|File Contents-sparc.gz
DEBUG|2017-09-14 12:52:46,964|File Release
DEBUG|2017-09-14 12:52:46,989|File Release.gpg
DEBUG|2017-09-14 12:52:47,008|Folder contrib
DEBUG|2017-09-14 12:52:47,031|Folder main
DEBUG|2017-09-14 12:52:47,053|Folder non-free
DEBUG|2017-09-14 12:52:47,053|Entering folder 	contrib
DEBUG|2017-09-14 12:52:47,195|File Contents-amd64.gz
DEBUG|2017-09-14 12:52:47,219|File Contents-armel.gz
DEBUG|2017-09-14 12:52:47,241|File Contents-armhf.gz
DEBUG|2017-09-14 12:52:47,261|File Contents-i386.gz
DEBUG|2017-09-14 12:52:47,283|File Contents-ia64.gz
DEBUG|2017-09-14 12:52:47,303|File Contents-kfreebsd-amd64.gz
DEBUG|2017-09-14 12:52:47,323|File Contents-kfreebsd-i386.gz
DEBUG|2017-09-14 12:52:47,348|File Contents-mips.gz
DEBUG|2017-09-14 12:52:47,368|File Contents-mipsel.gz
DEBUG|2017-09-14 12:52:47,388|File Contents-powerpc.gz
DEBUG|2017-09-14 12:52:47,409|File Contents-s390.gz
DEBUG|2017-09-14 12:52:47,429|File Contents-s390x.gz
DEBUG|2017-09-14 12:52:47,449|File Contents-source.gz
DEBUG|2017-09-14 12:52:47,478|File Contents-sparc.gz
DEBUG|2017-09-14 12:52:47,501|File Contents-udeb-amd64.gz
DEBUG|2017-09-14 12:52:47,521|File Contents-udeb-armel.gz
DEBUG|2017-09-14 12:52:47,543|File Contents-udeb-armhf.gz
DEBUG|2017-09-14 12:52:47,563|File Contents-udeb-i386.gz
DEBUG|2017-09-14 12:52:47,583|File Contents-udeb-ia64.gz
DEBUG|2017-09-14 12:52:47,603|File Contents-udeb-kfreebsd-amd64.gz
DEBUG|2017-09-14 12:52:47,623|File Contents-udeb-kfreebsd-i386.gz
DEBUG|2017-09-14 12:52:47,642|File Contents-udeb-mips.gz
DEBUG|2017-09-14 12:52:47,662|File Contents-udeb-mipsel.gz
DEBUG|2017-09-14 12:52:47,683|File Contents-udeb-powerpc.gz
DEBUG|2017-09-14 12:52:47,703|File Contents-udeb-s390.gz
DEBUG|2017-09-14 12:52:47,723|File Contents-udeb-s390x.gz
DEBUG|2017-09-14 12:52:47,743|File Contents-udeb-sparc.gz
DEBUG|2017-09-14 12:52:47,768|Folder binary-all
DEBUG|2017-09-14 12:52:47,788|Folder binary-amd64
DEBUG|2017-09-14 12:52:47,811|Folder binary-armel
DEBUG|2017-09-14 12:52:47,833|Folder binary-armhf
DEBUG|2017-09-14 12:52:47,859|Folder binary-i386
DEBUG|2017-09-14 12:52:47,880|Folder binary-ia64
DEBUG|2017-09-14 12:52:47,898|Folder binary-kfreebsd-amd64
DEBUG|2017-09-14 12:52:47,920|Folder binary-kfreebsd-i386
DEBUG|2017-09-14 12:52:47,938|Folder binary-mips
DEBUG|2017-09-14 12:52:47,959|Folder binary-mipsel
DEBUG|2017-09-14 12:52:47,983|Folder binary-powerpc
DEBUG|2017-09-14 12:52:48,004|Folder binary-s390
DEBUG|2017-09-14 12:52:48,023|Folder binary-s390x
DEBUG|2017-09-14 12:52:48,043|Folder binary-sparc
DEBUG|2017-09-14 12:52:48,064|Folder by-hash
DEBUG|2017-09-14 12:52:48,084|Folder debian-installer
DEBUG|2017-09-14 12:52:48,109|Folder i18n
DEBUG|2017-09-14 12:52:48,129|Folder source
DEBUG|2017-09-14 12:52:48,129|Entering folder 	binary-all
DEBUG|2017-09-14 12:52:48,272|File Packages.bz2
DEBUG|2017-09-14 12:52:48,293|File Packages.gz
DEBUG|2017-09-14 12:52:48,313|File Release
DEBUG|2017-09-14 12:52:48,339|Folder by-hash
DEBUG|2017-09-14 12:52:48,339|Entering folder 	by-hash
DEBUG|2017-09-14 12:52:48,490|Folder MD5Sum
DEBUG|2017-09-14 12:52:48,518|Folder SHA1
DEBUG|2017-09-14 12:52:48,539|Folder SHA256
DEBUG|2017-09-14 12:52:48,539|Entering folder 	MD5Sum
DEBUG|2017-09-14 12:52:48,684|File 076513d150a727d1ed7c353f0122466e
DEBUG|2017-09-14 12:52:48,703|File 0d65603a4bbedf54ef026800993bc569
DEBUG|2017-09-14 12:52:48,723|File bfdb3d8c55c2388e5e8ec8ab534f715e
DEBUG|2017-09-14 12:52:48,724|Entering folder 	SHA1
DEBUG|2017-09-14 12:52:48,860|File 50900c98eec1792d44086a47fd13004c4dcae058
DEBUG|2017-09-14 12:52:48,884|File 5322b7724f069800b947bd413c2b54a0183612b6
DEBUG|2017-09-14 12:52:48,908|File 6c95a8e135dd03557dfe2f2c913b66402b18e4b3
DEBUG|2017-09-14 12:52:48,909|Entering folder 	SHA256
DEBUG|2017-09-14 12:52:49,047|File 5f4d0db716b66839ceb3f08a0dd9e52b1fddef811a90531cd0713661e63b68e9
DEBUG|2017-09-14 12:52:49,068|File 9b5a556536177f815821dfa98686efa2c7440250ecbdadaffd2d7bdb6e91a7d0
DEBUG|2017-09-14 12:52:49,090|File cd559785c8bbb88a60e67129d4c3ae8973ca2f9aab11930db254e7958f154945
DEBUG|2017-09-14 12:52:49,090|Entering folder 	binary-amd64
DEBUG|2017-09-14 12:52:49,258|File Packages.bz2
DEBUG|2017-09-14 12:52:49,278|File Packages.gz
DEBUG|2017-09-14 12:52:49,298|File Release
DEBUG|2017-09-14 12:52:49,318|Folder by-hash
DEBUG|2017-09-14 12:52:49,319|Entering folder 	by-hash
DEBUG|2017-09-14 12:52:49,468|Folder MD5Sum
DEBUG|2017-09-14 12:52:49,488|Folder SHA1
DEBUG|2017-09-14 12:52:49,508|Folder SHA256
DEBUG|2017-09-14 12:52:49,508|Entering folder 	MD5Sum
DEBUG|2017-09-14 12:52:49,648|File 454f9ce23d61b6ac74da95120276ceda
DEBUG|2017-09-14 12:52:49,673|File 6defef06824ec534f0ff7d1be172c568
DEBUG|2017-09-14 12:52:49,693|File bef584638d76667025bcbda442fe1e6f
DEBUG|2017-09-14 12:52:49,693|Entering folder 	SHA1
DEBUG|2017-09-14 12:52:49,831|File 1c7f76d34af891d3458fe0c1a6b11dc3e9e9c150
DEBUG|2017-09-14 12:52:49,851|File 6eed030c02afded7cf3eda028790ebdd9e31a755
DEBUG|2017-09-14 12:52:49,878|File c9f81c13ce5a9701270b7ff55ab03e572b796e53
DEBUG|2017-09-14 12:52:49,879|Entering folder 	SHA256
DEBUG|2017-09-14 12:52:50,016|File ccbcbdcc89b193bad8d2cd4656eab4d1d77c6be1f2a50e977d6c87e4f1cd6f27
DEBUG|2017-09-14 12:52:50,046|File d68f1e56c2e9d9ff6b577cf9ab3b26486b5927b6221a146d5f6654b739225fef
DEBUG|2017-09-14 12:52:50,068|File e89f4dab63af57a4ac1da3df36e8b1341b7bf9b40e6f9bd7cc14e48e24fe52c7
DEBUG|2017-09-14 12:52:50,068|Entering folder 	binary-armel
DEBUG|2017-09-14 12:52:50,204|File Packages.bz2
DEBUG|2017-09-14 12:52:50,223|File Packages.gz
DEBUG|2017-09-14 12:52:50,249|File Release
DEBUG|2017-09-14 12:52:50,268|Folder by-hash
DEBUG|2017-09-14 12:52:50,268|Entering folder 	by-hash
DEBUG|2017-09-14 12:52:50,468|Folder MD5Sum
DEBUG|2017-09-14 12:52:50,491|Folder SHA1
DEBUG|2017-09-14 12:52:50,511|Folder SHA256
DEBUG|2017-09-14 12:52:50,511|Entering folder 	MD5Sum
DEBUG|2017-09-14 12:52:50,658|File 46bc96eacca5a664b4dbc5bbdeed74d9
DEBUG|2017-09-14 12:52:50,678|File 7b5becb8bb33e90c695346e8e7058bab
DEBUG|2017-09-14 12:52:50,698|File c384b660340d7164d074973071c2cfa3
DEBUG|2017-09-14 12:52:50,698|Entering folder 	SHA1
DEBUG|2017-09-14 12:52:50,830|File 66e95b11825db25b49e75a3258be70a93d813c63
DEBUG|2017-09-14 12:52:50,851|File 9e5e8e0aa0caeae3a0843cb116812670dd1d6165
DEBUG|2017-09-14 12:52:50,871|File eeef1062810cbf69ce84c43326844509c3c2e15a
DEBUG|2017-09-14 12:52:50,872|Entering folder 	SHA256
DEBUG|2017-09-14 12:52:51,000|File 844c4a250ff4ca0abc943ded24a62e09e9cbd266f0fc41c882762d67b2d26b92
DEBUG|2017-09-14 12:52:51,028|File 9bda6635437b763bd05e970fddc57c32f2845c16a97e0f64cab26820bf28b8c6
DEBUG|2017-09-14 12:52:51,048|File f5ab0775a3270d1a354ce76ac90bcafb413886e159895b61f65ad74d6269feb3
DEBUG|2017-09-14 12:52:51,048|Entering folder 	binary-armhf
DEBUG|2017-09-14 12:52:51,201|File Packages.bz2
DEBUG|2017-09-14 12:52:51,224|File Packages.gz
DEBUG|2017-09-14 12:52:51,243|File Release
DEBUG|2017-09-14 12:52:51,268|Folder by-hash
DEBUG|2017-09-14 12:52:51,268|Entering folder 	by-hash
DEBUG|2017-09-14 12:52:51,419|Folder MD5Sum
DEBUG|2017-09-14 12:52:51,438|Folder SHA1
DEBUG|2017-09-14 12:52:51,458|Folder SHA256
DEBUG|2017-09-14 12:52:51,458|Entering folder 	MD5Sum
DEBUG|2017-09-14 12:52:51,598|File b9159ba6b6d06b3d906c9ed072d67ea7
DEBUG|2017-09-14 12:52:51,618|File c30812c29d48eacc4f8d732f91a4afd4
DEBUG|2017-09-14 12:52:51,638|File de305388fbec34c161fa6914d01fecdc
DEBUG|2017-09-14 12:52:51,638|Entering folder 	SHA1
DEBUG|2017-09-14 12:52:51,782|File 1611b4946273b062e6fdc26737b4d25380d2bd4c
DEBUG|2017-09-14 12:52:51,803|File 4f33e8322eb213aea0625376807b066d991988b2
DEBUG|2017-09-14 12:52:51,828|File e729333c6e553decc456a4716f87e72a734dc93e
DEBUG|2017-09-14 12:52:51,829|Entering folder 	SHA256
DEBUG|2017-09-14 12:52:51,968|File 87d64cb84e9d0b96792d2178c7508bd22ac21178fab5206b0675d3c99aca8423
DEBUG|2017-09-14 12:52:51,991|File a95dc3892b57729e511b7192817ee4f579bce5411fcbab72fee60ed4761983ef
DEBUG|2017-09-14 12:52:52,014|File ff2e1b44ab762174b26be1162d30c3ff6ffdca243436e901260b6dc78ceaa0ba
DEBUG|2017-09-14 12:52:52,014|Entering folder 	binary-i386
DEBUG|2017-09-14 12:52:52,148|File Packages.bz2
DEBUG|2017-09-14 12:52:52,170|File Packages.gz
DEBUG|2017-09-14 12:52:52,191|File Release
DEBUG|2017-09-14 12:52:52,213|Folder by-hash
DEBUG|2017-09-14 12:52:52,214|Entering folder 	by-hash
DEBUG|2017-09-14 12:52:52,368|Folder MD5Sum
DEBUG|2017-09-14 12:52:52,391|Folder SHA1
DEBUG|2017-09-14 12:52:52,415|Folder SHA256
DEBUG|2017-09-14 12:52:52,415|Entering folder 	MD5Sum
DEBUG|2017-09-14 12:52:52,551|File 902f4506d836f8a4a718ca4f790dd8f1
DEBUG|2017-09-14 12:52:52,571|File dd9f80305867cd3a68998a037c2da3e2
DEBUG|2017-09-14 12:52:52,591|File f4afe10eeeb42a7e2cfdd1770c5fb86c
DEBUG|2017-09-14 12:52:52,591|Entering folder 	SHA1
DEBUG|2017-09-14 12:52:52,733|File adaddb4cc121db85e591d8882c67ce2afa8d55e3
DEBUG|2017-09-14 12:52:52,758|File d42d64c60210a732cf38cf3832ea24adc46177a5
DEBUG|2017-09-14 12:52:52,778|File d44d211c24ff2e24134ef5c5de1bace0460b2cd8
DEBUG|2017-09-14 12:52:52,778|Entering folder 	SHA256
DEBUG|2017-09-14 12:52:52,918|File 70b3f0227a6a9604009f8b87043b2a609b8a04b970bfe989a5c343df5e14079b
DEBUG|2017-09-14 12:52:52,941|File 91146073b8b501596225213561893206da4d86371cf91f0869b460e4755d43d6
DEBUG|2017-09-14 12:52:52,964|File aa0c567852001011fca3c0330b4582fe68c7f3c368f89e06f442722bba253d7e
DEBUG|2017-09-14 12:52:52,965|Entering folder 	binary-ia64
DEBUG|2017-09-14 12:52:53,098|File Packages.bz2
DEBUG|2017-09-14 12:52:53,119|File Packages.gz
DEBUG|2017-09-14 12:52:53,139|File Release
DEBUG|2017-09-14 12:52:53,161|Folder by-hash
DEBUG|2017-09-14 12:52:53,161|Entering folder 	by-hash
DEBUG|2017-09-14 12:52:53,308|Folder MD5Sum
DEBUG|2017-09-14 12:52:53,331|Folder SHA1
DEBUG|2017-09-14 12:52:53,351|Folder SHA256
DEBUG|2017-09-14 12:52:53,351|Entering folder 	MD5Sum
DEBUG|2017-09-14 12:52:53,488|File 7ca170459742821c38424e4368697696
DEBUG|2017-09-14 12:52:53,508|File b33334c2fb09ed664928296a9b21a432
DEBUG|2017-09-14 12:52:53,528|File cc49a4ae43858194091defc57cfcc6df
DEBUG|2017-09-14 12:52:53,528|Entering folder 	SHA1
DEBUG|2017-09-14 12:52:53,677|File 6b336a4c788228ccb47f5661a329874be716a544
DEBUG|2017-09-14 12:52:53,699|File 82fa4875aba3aff85f065d7ac9156f3f34782eb4
DEBUG|2017-09-14 12:52:53,721|File c22878b5807d2ef4164094555e789f48664499f7
DEBUG|2017-09-14 12:52:53,721|Entering folder 	SHA256
DEBUG|2017-09-14 12:52:53,863|File 4d13570820d68b30e75f2bd47261356a913a3868521f16190995ecfe78d10473
DEBUG|2017-09-14 12:52:53,888|File ddb7d6fb5a0440bbf2b2a058d03ca7e4196899f9c519649e4c92874f3df950a4
DEBUG|2017-09-14 12:52:53,908|File ef9cc2907ea9e0e216640839ca3a319ee4c848ee28f22036b55e31136a56050a
DEBUG|2017-09-14 12:52:53,908|Entering folder 	binary-kfreebsd-amd64
DEBUG|2017-09-14 12:52:54,033|File Packages.bz2
DEBUG|2017-09-14 12:52:54,058|File Packages.gz
DEBUG|2017-09-14 12:52:54,078|File Release
DEBUG|2017-09-14 12:52:54,098|Folder by-hash
DEBUG|2017-09-14 12:52:54,099|Entering folder 	by-hash
DEBUG|2017-09-14 12:52:54,311|Folder MD5Sum
DEBUG|2017-09-14 12:52:54,333|Folder SHA1
DEBUG|2017-09-14 12:52:54,353|Folder SHA256
DEBUG|2017-09-14 12:52:54,353|Entering folder 	MD5Sum
DEBUG|2017-09-14 12:52:54,498|File 51dce15f018b628acbb8d65c3c456acf
DEBUG|2017-09-14 12:52:54,518|File 71e2b3e4e03f4b7391091fb58ff8ace7
DEBUG|2017-09-14 12:52:54,538|File d7fd74fedf0535693e0e26768874cb52
DEBUG|2017-09-14 12:52:54,538|Entering folder 	SHA1
DEBUG|2017-09-14 12:52:54,678|File 311a65642613c69019c813f4c48766ed52e9ec1a
DEBUG|2017-09-14 12:52:54,701|File 8ca5abfe4f7f3ccf6c54577913489c950b69a2f0
DEBUG|2017-09-14 12:52:54,729|File fe8000c0f1efea4131ad836de30f3c43695cabce
DEBUG|2017-09-14 12:52:54,729|Entering folder 	SHA256
DEBUG|2017-09-14 12:52:54,873|File 0511f5e23aaeb8b7546ed7cec84324b9e400734aff41bed1c591c40c058da250
DEBUG|2017-09-14 12:52:54,894|File 27486685bada8084852667cfae83a902ea56ad09f8381645de6a34385f27f8b0
DEBUG|2017-09-14 12:52:54,913|File c1fd6844e1089072e23b1759dcab81cb72a53efc6adadefcf9d84e1ae2024112
DEBUG|2017-09-14 12:52:54,913|Entering folder 	binary-kfreebsd-i386
DEBUG|2017-09-14 12:52:55,053|File Packages.bz2
DEBUG|2017-09-14 12:52:55,071|File Packages.gz
DEBUG|2017-09-14 12:52:55,090|File Release
DEBUG|2017-09-14 12:52:55,111|Folder by-hash
DEBUG|2017-09-14 12:52:55,111|Entering folder 	by-hash
DEBUG|2017-09-14 12:52:55,258|Folder MD5Sum
DEBUG|2017-09-14 12:52:55,281|Folder SHA1
DEBUG|2017-09-14 12:52:55,308|Folder SHA256
DEBUG|2017-09-14 12:52:55,308|Entering folder 	MD5Sum
DEBUG|2017-09-14 12:52:55,443|File 4d394fd0dd5d616f5f6c9aa3eb05b6d3
DEBUG|2017-09-14 12:52:55,463|File 508d1a81f2b3630eeccbda1f9cf5196a
DEBUG|2017-09-14 12:52:55,483|File a118346728f4ee7299fbdefa29fcda94
DEBUG|2017-09-14 12:52:55,483|Entering folder 	SHA1
DEBUG|2017-09-14 12:52:55,615|File 630318221aad9edadadca0e8ad4e7a5296c576f9
DEBUG|2017-09-14 12:52:55,638|File 65137f488f1d109683441a200015b8bc4a071234
DEBUG|2017-09-14 12:52:55,658|File adab61d93bf1917065e93c3ea5408d90a2ac0a9c
DEBUG|2017-09-14 12:52:55,658|Entering folder 	SHA256
DEBUG|2017-09-14 12:52:55,806|File 657a234b1e4301edbe3fd1ed27dc0fbe8a46af6f301ba98d4ca445e1f1e5d3b6
DEBUG|2017-09-14 12:52:55,828|File 95fcf33a19b244393a729b2a5b8e5571778182761e78d8df577046986afe346c
DEBUG|2017-09-14 12:52:55,848|File d46906f297f54bdc88a04f52659072a587586fe0a2fa1ee62d845cb6dffbc919
DEBUG|2017-09-14 12:52:55,848|Entering folder 	binary-mips
DEBUG|2017-09-14 12:52:55,976|File Packages.bz2
DEBUG|2017-09-14 12:52:55,998|File Packages.gz
DEBUG|2017-09-14 12:52:56,018|File Release
DEBUG|2017-09-14 12:52:56,038|Folder by-hash
DEBUG|2017-09-14 12:52:56,038|Entering folder 	by-hash
DEBUG|2017-09-14 12:52:56,173|Folder MD5Sum
DEBUG|2017-09-14 12:52:56,199|Folder SHA1
DEBUG|2017-09-14 12:52:56,222|Folder SHA256
DEBUG|2017-09-14 12:52:56,222|Entering folder 	MD5Sum
DEBUG|2017-09-14 12:52:56,363|File 067cb75f057b87e1ea3370f808aa1a60
DEBUG|2017-09-14 12:52:56,384|File 382be1acef64367e3a5b30f0ef31cbb2
DEBUG|2017-09-14 12:52:56,408|File 4c04c7d0543186eb59c1e2a42ddf8447
DEBUG|2017-09-14 12:52:56,408|Entering folder 	SHA1
DEBUG|2017-09-14 12:52:56,563|File 113a0f624a41789e54f708f91b8da998a1256b2b
DEBUG|2017-09-14 12:52:56,588|File 4b763849d1cb4867a235811820c2c09e28625e22
DEBUG|2017-09-14 12:52:56,610|File c691eff1bfe10d373b7966f70d398fd833f19524
DEBUG|2017-09-14 12:52:56,611|Entering folder 	SHA256
DEBUG|2017-09-14 12:52:56,750|File 084b647a9ab8ea1533158ccff396e33982cec96e0c5ac3af35df6d78c6183458
DEBUG|2017-09-14 12:52:56,771|File 32910cf19fc903eaed3fb361d604b67058cc22f75c8cb11ce1d437597b8ec92a
DEBUG|2017-09-14 12:52:56,793|File 563afed1201a3be8ed3483aba27f73d3c3b3695e782253ae58a9908312a8952a
DEBUG|2017-09-14 12:52:56,793|Entering folder 	binary-mipsel
DEBUG|2017-09-14 12:52:56,923|File Packages.bz2
DEBUG|2017-09-14 12:52:56,943|File Packages.gz
DEBUG|2017-09-14 12:52:56,968|File Release
DEBUG|2017-09-14 12:52:56,988|Folder by-hash
DEBUG|2017-09-14 12:52:56,988|Entering folder 	by-hash
DEBUG|2017-09-14 12:52:57,135|Folder MD5Sum
DEBUG|2017-09-14 12:52:57,198|Folder SHA1
DEBUG|2017-09-14 12:52:57,218|Folder SHA256
DEBUG|2017-09-14 12:52:57,218|Entering folder 	MD5Sum
DEBUG|2017-09-14 12:52:57,362|File 727b8c0e4bc2017c9f4cac6f6259bb0b
DEBUG|2017-09-14 12:52:57,388|File e5e4c7cef291206a6da74eafc16bda3d
DEBUG|2017-09-14 12:52:57,411|File e93140697d17d3fe9b253e56ff9c905c
DEBUG|2017-09-14 12:52:57,411|Entering folder 	SHA1
DEBUG|2017-09-14 12:52:57,558|File 1daa493f53c46d8f781623e7aebc0f3f005ca04a
DEBUG|2017-09-14 12:52:57,581|File 2952051da5cd5e43baf97e1bc7a794df3d966072
DEBUG|2017-09-14 12:52:57,601|File 3a6cec2bd78963e5084cc0776bcf466636ae07b6
DEBUG|2017-09-14 12:52:57,601|Entering folder 	SHA256
DEBUG|2017-09-14 12:52:57,738|File 113b10305f30dac65cc54f2b78b484259e6414864cbff0139981248e09e330b2
DEBUG|2017-09-14 12:52:57,758|File 63cfa206878cef7c2d5ee2de06ead5956f8d72547633ad24472b2e19b23df86a
DEBUG|2017-09-14 12:52:57,781|File c7066fb58510a1946b114cb9da43bd3c2d34c38d97ca0bee28e6b84ba2733323
DEBUG|2017-09-14 12:52:57,781|Entering folder 	binary-powerpc
DEBUG|2017-09-14 12:52:57,913|File Packages.bz2
DEBUG|2017-09-14 12:52:57,938|File Packages.gz
DEBUG|2017-09-14 12:52:57,958|File Release
DEBUG|2017-09-14 12:52:57,981|Folder by-hash
DEBUG|2017-09-14 12:52:57,981|Entering folder 	by-hash
DEBUG|2017-09-14 12:52:58,122|Folder MD5Sum
DEBUG|2017-09-14 12:52:58,143|Folder SHA1
DEBUG|2017-09-14 12:52:58,168|Folder SHA256
DEBUG|2017-09-14 12:52:58,168|Entering folder 	MD5Sum
DEBUG|2017-09-14 12:52:58,305|File ca82e749e4fcbb694e8d41b7c803f349
DEBUG|2017-09-14 12:52:58,328|File d6127e8165c7ab33e1906b9107ee3f04
DEBUG|2017-09-14 12:52:58,348|File d71da8fe4c3b622af4b7c80464885f2f
DEBUG|2017-09-14 12:52:58,348|Entering folder 	SHA1
DEBUG|2017-09-14 12:52:58,508|File 30b777cef0e09f88492d5f85505214621ff07191
DEBUG|2017-09-14 12:52:58,531|File 57793ada51d8388c920920c62d1baaf7efa7066b
DEBUG|2017-09-14 12:52:58,553|File 9061fd7b2919f0ed811805e3988534f926029160
DEBUG|2017-09-14 12:52:58,553|Entering folder 	SHA256
DEBUG|2017-09-14 12:52:58,698|File 33f07d264ee60950ed6c628c405ed678c4326209d2abffc8b064b85d29d54b61
DEBUG|2017-09-14 12:52:58,718|File 7a8d4fadccbb61771014fd6177019c52f2d3d95b8b13d323bd904d6d62064ce7
DEBUG|2017-09-14 12:52:58,738|File acef99011cd6c49ba2a39006e44da1cec048db91deaf2a7af98fbcf847f3656c
DEBUG|2017-09-14 12:52:58,738|Entering folder 	binary-s390
DEBUG|2017-09-14 12:52:58,873|File Packages.bz2
DEBUG|2017-09-14 12:52:58,898|File Packages.gz
DEBUG|2017-09-14 12:52:58,918|File Release
DEBUG|2017-09-14 12:52:58,941|Folder by-hash
DEBUG|2017-09-14 12:52:58,941|Entering folder 	by-hash
DEBUG|2017-09-14 12:52:59,133|Folder MD5Sum
DEBUG|2017-09-14 12:52:59,158|Folder SHA1
DEBUG|2017-09-14 12:52:59,180|Folder SHA256
DEBUG|2017-09-14 12:52:59,181|Entering folder 	MD5Sum
DEBUG|2017-09-14 12:52:59,323|File 2539fc35c5785df3972d5979b2301d8a
DEBUG|2017-09-14 12:52:59,342|Folder c982623efaaa5adfa9fd33bfd33b5284
DEBUG|2017-09-14 12:52:59,348|File e3ede9d97610e1692913f0cf191f635a
DEBUG|2017-09-14 12:52:59,348|Entering folder 	c982623efaaa5adfa9fd33bfd33b5284
DEBUG|2017-09-14 12:52:59,398|Entering folder 	SHA1
DEBUG|2017-09-14 12:52:59,458|Entering folder 	SHA256
DEBUG|2017-09-14 12:52:59,521|Entering folder 	binary-s390x
DEBUG|2017-09-14 12:52:59,583|Entering folder 	binary-sparc
DEBUG|2017-09-14 12:52:59,641|Entering folder 	by-hash
